<?xml version="1.0" encoding="UTF-8"?>
<!-- Generated by org.testng.reporters.JUnitReportReporter -->
<testsuite hostname="LAPTOP-KQ39MLGE" failures="0" tests="1" name="com.techfios.JDBC_sampleProject.AppTest" time="0.013" errors="0" timestamp="2023-11-18T12:51:42 GMT" skipped="0">
  <testcase classname="com.techfios.JDBC_sampleProject.AppTest" name="testApp" time="0.013"/>
  <system-out/>
</testsuite> <!-- com.techfios.JDBC_sampleProject.AppTest -->
